This file contains any messages produced by compilers while
running configure, to aid debugging if configure makes a mistake.

It was created by RINA Tools configure 0.9.5.227-afd99, which was
generated by GNU Autoconf 2.69.  Invocation command line was

  $ ../configure --prefix=/home/marc/sandbox/ --disable-silent-rules

## --------- ##
## Platform. ##
## --------- ##

hostname = rina
uname -m = x86_64
uname -r = 3.15.0
uname -s = Linux
uname -v = #8 SMP Tue Feb 3 11:33:36 CET 2015

/usr/bin/uname -p = unknown
/bin/uname -X     = unknown

/bin/arch              = unknown
/usr/bin/arch -k       = unknown
/usr/convex/getsysinfo = unknown
/usr/bin/hostinfo      = unknown
/bin/machine           = unknown
/usr/bin/oslevel       = unknown
/bin/universe          = unknown

PATH: /usr/local/bin
PATH: /usr/bin
PATH: /bin
PATH: /usr/local/games
PATH: /usr/games


## ----------- ##
## Core tests. ##
## ----------- ##

configure:2458: checking build system type
configure:2472: result: x86_64-unknown-linux-gnu
configure:2492: checking host system type
configure:2505: result: x86_64-unknown-linux-gnu
configure:2525: checking target system type
configure:2538: result: x86_64-unknown-linux-gnu
configure:2581: checking for a BSD-compatible install
configure:2649: result: /usr/bin/install -c
configure:2660: checking whether build environment is sane
configure:2715: result: yes
configure:2866: checking for a thread-safe mkdir -p
configure:2905: result: /bin/mkdir -p
configure:2912: checking for gawk
configure:2942: result: no
configure:2912: checking for mawk
configure:2928: found /usr/bin/mawk
configure:2939: result: mawk
configure:2950: checking whether make sets $(MAKE)
configure:2972: result: yes
configure:3001: checking whether make supports nested variables
configure:3018: result: yes
configure:3097: checking how to create a pax tar archive
configure:3108: tar --version
tar (GNU tar) 1.27.1
Copyright (C) 2013 Free Software Foundation, Inc.
License GPLv3+: GNU GPL version 3 or later <http://gnu.org/licenses/gpl.html>.
This is free software: you are free to change and redistribute it.
There is NO WARRANTY, to the extent permitted by law.

Written by John Gilmore and Jay Fenlason.
configure:3111: $? = 0
configure:3151: tardir=conftest.dir && eval tar --format=posix -chf - "$tardir" >conftest.tar
configure:3154: $? = 0
configure:3158: tar -xf - <conftest.tar
configure:3161: $? = 0
configure:3163: cat conftest.dir/file
GrepMe
configure:3166: $? = 0
configure:3179: result: gnutar
configure:3230: checking for a sed that does not truncate output
configure:3294: result: /bin/sed
configure:3299: checking for grep that handles long lines and -e
configure:3357: result: /bin/grep
configure:3363: checking whether ln -s works
configure:3367: result: yes
configure:3377: checking for fmt
configure:3395: found /usr/bin/fmt
configure:3408: result: /usr/bin/fmt
configure:3418: checking for sort
configure:3436: found /usr/bin/sort
configure:3449: result: /usr/bin/sort
configure:3459: checking for uniq
configure:3477: found /usr/bin/uniq
configure:3490: result: /usr/bin/uniq
configure:3500: checking for git
configure:3518: found /usr/bin/git
configure:3531: result: /usr/bin/git
configure:3552: checking for style of include used by make
configure:3580: result: GNU
configure:3651: checking for gcc
configure:3667: found /usr/bin/gcc
configure:3678: result: gcc
configure:3907: checking for C compiler version
configure:3916: gcc --version >&5
gcc (Debian 4.9.1-19) 4.9.1
Copyright (C) 2014 Free Software Foundation, Inc.
This is free software; see the source for copying conditions.  There is NO
warranty; not even for MERCHANTABILITY or FITNESS FOR A PARTICULAR PURPOSE.

configure:3927: $? = 0
configure:3916: gcc -v >&5
Using built-in specs.
COLLECT_GCC=gcc
COLLECT_LTO_WRAPPER=/usr/lib/gcc/x86_64-linux-gnu/4.9/lto-wrapper
Target: x86_64-linux-gnu
Configured with: ../src/configure -v --with-pkgversion='Debian 4.9.1-19' --with-bugurl=file:///usr/share/doc/gcc-4.9/README.Bugs --enable-languages=c,c++,java,go,d,fortran,objc,obj-c++ --prefix=/usr --program-suffix=-4.9 --enable-shared --enable-linker-build-id --libexecdir=/usr/lib --without-included-gettext --enable-threads=posix --with-gxx-include-dir=/usr/include/c++/4.9 --libdir=/usr/lib --enable-nls --with-sysroot=/ --enable-clocale=gnu --enable-libstdcxx-debug --enable-libstdcxx-time=yes --enable-gnu-unique-object --disable-vtable-verify --enable-plugin --with-system-zlib --disable-browser-plugin --enable-java-awt=gtk --enable-gtk-cairo --with-java-home=/usr/lib/jvm/java-1.5.0-gcj-4.9-amd64/jre --enable-java-home --with-jvm-root-dir=/usr/lib/jvm/java-1.5.0-gcj-4.9-amd64 --with-jvm-jar-dir=/usr/lib/jvm-exports/java-1.5.0-gcj-4.9-amd64 --with-arch-directory=amd64 --with-ecj-jar=/usr/share/java/eclipse-ecj.jar --enable-objc-gc --enable-multiarch --with-arch-32=i586 --with-abi=m64 --with-multilib-list=m32,m64,mx32 --enable-multilib --with-tune=generic --enable-checking=release --build=x86_64-linux-gnu --host=x86_64-linux-gnu --target=x86_64-linux-gnu
Thread model: posix
gcc version 4.9.1 (Debian 4.9.1-19) 
configure:3927: $? = 0
configure:3916: gcc -V >&5
gcc: error: unrecognized command line option '-V'
gcc: fatal error: no input files
compilation terminated.
configure:3927: $? = 4
configure:3916: gcc -qversion >&5
gcc: error: unrecognized command line option '-qversion'
gcc: fatal error: no input files
compilation terminated.
configure:3927: $? = 4
configure:3947: checking whether the C compiler works
configure:3969: gcc    conftest.c  >&5
configure:3973: $? = 0
configure:4021: result: yes
configure:4024: checking for C compiler default output file name
configure:4026: result: a.out
configure:4032: checking for suffix of executables
configure:4039: gcc -o conftest    conftest.c  >&5
configure:4043: $? = 0
configure:4065: result: 
configure:4087: checking whether we are cross compiling
configure:4095: gcc -o conftest    conftest.c  >&5
configure:4099: $? = 0
configure:4106: ./conftest
configure:4110: $? = 0
configure:4125: result: no
configure:4130: checking for suffix of object files
configure:4152: gcc -c   conftest.c >&5
configure:4156: $? = 0
configure:4177: result: o
configure:4181: checking whether we are using the GNU C compiler
configure:4200: gcc -c   conftest.c >&5
configure:4200: $? = 0
configure:4209: result: yes
configure:4218: checking whether gcc accepts -g
configure:4238: gcc -c -g  conftest.c >&5
configure:4238: $? = 0
configure:4279: result: yes
configure:4296: checking for gcc option to accept ISO C89
configure:4359: gcc  -c -g -O2  conftest.c >&5
configure:4359: $? = 0
configure:4372: result: none needed
configure:4397: checking whether gcc understands -c and -o together
configure:4419: gcc -c conftest.c -o conftest2.o
configure:4422: $? = 0
configure:4419: gcc -c conftest.c -o conftest2.o
configure:4422: $? = 0
configure:4434: result: yes
configure:4453: checking dependency style of gcc
configure:4564: result: gcc3
configure:4584: checking how to run the C preprocessor
configure:4615: gcc -E  conftest.c
configure:4615: $? = 0
configure:4629: gcc -E  conftest.c
conftest.c:11:28: fatal error: ac_nonexistent.h: No such file or directory
 #include <ac_nonexistent.h>
                            ^
compilation terminated.
configure:4629: $? = 1
configure: failed program was:
| /* confdefs.h */
| #define PACKAGE_NAME "RINA Tools"
| #define PACKAGE_TARNAME "rina-tools"
| #define PACKAGE_VERSION "0.9.5.227-afd99"
| #define PACKAGE_STRING "RINA Tools 0.9.5.227-afd99"
| #define PACKAGE_BUGREPORT "f.salvestrini@nextworks.it"
| #define PACKAGE_URL "http://irati.eu"
| #define PACKAGE "rina-tools"
| #define VERSION "0.9.5.227-afd99"
| /* end confdefs.h.  */
| #include <ac_nonexistent.h>
configure:4654: result: gcc -E
configure:4674: gcc -E  conftest.c
configure:4674: $? = 0
configure:4688: gcc -E  conftest.c
conftest.c:11:28: fatal error: ac_nonexistent.h: No such file or directory
 #include <ac_nonexistent.h>
                            ^
compilation terminated.
configure:4688: $? = 1
configure: failed program was:
| /* confdefs.h */
| #define PACKAGE_NAME "RINA Tools"
| #define PACKAGE_TARNAME "rina-tools"
| #define PACKAGE_VERSION "0.9.5.227-afd99"
| #define PACKAGE_STRING "RINA Tools 0.9.5.227-afd99"
| #define PACKAGE_BUGREPORT "f.salvestrini@nextworks.it"
| #define PACKAGE_URL "http://irati.eu"
| #define PACKAGE "rina-tools"
| #define VERSION "0.9.5.227-afd99"
| /* end confdefs.h.  */
| #include <ac_nonexistent.h>
configure:4764: checking for gcc
configure:4791: result: gcc
configure:5020: checking for C compiler version
configure:5029: gcc --version >&5
gcc (Debian 4.9.1-19) 4.9.1
Copyright (C) 2014 Free Software Foundation, Inc.
This is free software; see the source for copying conditions.  There is NO
warranty; not even for MERCHANTABILITY or FITNESS FOR A PARTICULAR PURPOSE.

configure:5040: $? = 0
configure:5029: gcc -v >&5
Using built-in specs.
COLLECT_GCC=gcc
COLLECT_LTO_WRAPPER=/usr/lib/gcc/x86_64-linux-gnu/4.9/lto-wrapper
Target: x86_64-linux-gnu
Configured with: ../src/configure -v --with-pkgversion='Debian 4.9.1-19' --with-bugurl=file:///usr/share/doc/gcc-4.9/README.Bugs --enable-languages=c,c++,java,go,d,fortran,objc,obj-c++ --prefix=/usr --program-suffix=-4.9 --enable-shared --enable-linker-build-id --libexecdir=/usr/lib --without-included-gettext --enable-threads=posix --with-gxx-include-dir=/usr/include/c++/4.9 --libdir=/usr/lib --enable-nls --with-sysroot=/ --enable-clocale=gnu --enable-libstdcxx-debug --enable-libstdcxx-time=yes --enable-gnu-unique-object --disable-vtable-verify --enable-plugin --with-system-zlib --disable-browser-plugin --enable-java-awt=gtk --enable-gtk-cairo --with-java-home=/usr/lib/jvm/java-1.5.0-gcj-4.9-amd64/jre --enable-java-home --with-jvm-root-dir=/usr/lib/jvm/java-1.5.0-gcj-4.9-amd64 --with-jvm-jar-dir=/usr/lib/jvm-exports/java-1.5.0-gcj-4.9-amd64 --with-arch-directory=amd64 --with-ecj-jar=/usr/share/java/eclipse-ecj.jar --enable-objc-gc --enable-multiarch --with-arch-32=i586 --with-abi=m64 --with-multilib-list=m32,m64,mx32 --enable-multilib --with-tune=generic --enable-checking=release --build=x86_64-linux-gnu --host=x86_64-linux-gnu --target=x86_64-linux-gnu
Thread model: posix
gcc version 4.9.1 (Debian 4.9.1-19) 
configure:5040: $? = 0
configure:5029: gcc -V >&5
gcc: error: unrecognized command line option '-V'
gcc: fatal error: no input files
compilation terminated.
configure:5040: $? = 4
configure:5029: gcc -qversion >&5
gcc: error: unrecognized command line option '-qversion'
gcc: fatal error: no input files
compilation terminated.
configure:5040: $? = 4
configure:5044: checking whether we are using the GNU C compiler
configure:5072: result: yes
configure:5081: checking whether gcc accepts -g
configure:5142: result: yes
configure:5159: checking for gcc option to accept ISO C89
configure:5235: result: none needed
configure:5260: checking whether gcc understands -c and -o together
configure:5297: result: yes
configure:5316: checking dependency style of gcc
configure:5427: result: gcc3
configure:5502: checking for g++
configure:5518: found /usr/bin/g++
configure:5529: result: g++
configure:5556: checking for C++ compiler version
configure:5565: g++ --version >&5
g++ (Debian 4.9.1-19) 4.9.1
Copyright (C) 2014 Free Software Foundation, Inc.
This is free software; see the source for copying conditions.  There is NO
warranty; not even for MERCHANTABILITY or FITNESS FOR A PARTICULAR PURPOSE.

configure:5576: $? = 0
configure:5565: g++ -v >&5
Using built-in specs.
COLLECT_GCC=g++
COLLECT_LTO_WRAPPER=/usr/lib/gcc/x86_64-linux-gnu/4.9/lto-wrapper
Target: x86_64-linux-gnu
Configured with: ../src/configure -v --with-pkgversion='Debian 4.9.1-19' --with-bugurl=file:///usr/share/doc/gcc-4.9/README.Bugs --enable-languages=c,c++,java,go,d,fortran,objc,obj-c++ --prefix=/usr --program-suffix=-4.9 --enable-shared --enable-linker-build-id --libexecdir=/usr/lib --without-included-gettext --enable-threads=posix --with-gxx-include-dir=/usr/include/c++/4.9 --libdir=/usr/lib --enable-nls --with-sysroot=/ --enable-clocale=gnu --enable-libstdcxx-debug --enable-libstdcxx-time=yes --enable-gnu-unique-object --disable-vtable-verify --enable-plugin --with-system-zlib --disable-browser-plugin --enable-java-awt=gtk --enable-gtk-cairo --with-java-home=/usr/lib/jvm/java-1.5.0-gcj-4.9-amd64/jre --enable-java-home --with-jvm-root-dir=/usr/lib/jvm/java-1.5.0-gcj-4.9-amd64 --with-jvm-jar-dir=/usr/lib/jvm-exports/java-1.5.0-gcj-4.9-amd64 --with-arch-directory=amd64 --with-ecj-jar=/usr/share/java/eclipse-ecj.jar --enable-objc-gc --enable-multiarch --with-arch-32=i586 --with-abi=m64 --with-multilib-list=m32,m64,mx32 --enable-multilib --with-tune=generic --enable-checking=release --build=x86_64-linux-gnu --host=x86_64-linux-gnu --target=x86_64-linux-gnu
Thread model: posix
gcc version 4.9.1 (Debian 4.9.1-19) 
configure:5576: $? = 0
configure:5565: g++ -V >&5
g++: error: unrecognized command line option '-V'
g++: fatal error: no input files
compilation terminated.
configure:5576: $? = 4
configure:5565: g++ -qversion >&5
g++: error: unrecognized command line option '-qversion'
g++: fatal error: no input files
compilation terminated.
configure:5576: $? = 4
configure:5580: checking whether we are using the GNU C++ compiler
configure:5599: g++ -c   conftest.cpp >&5
configure:5599: $? = 0
configure:5608: result: yes
configure:5617: checking whether g++ accepts -g
configure:5637: g++ -c -g  conftest.cpp >&5
configure:5637: $? = 0
configure:5678: result: yes
configure:5703: checking dependency style of g++
configure:5814: result: gcc3
configure:5834: checking how to run the C++ preprocessor
configure:5861: g++ -E  conftest.cpp
configure:5861: $? = 0
configure:5875: g++ -E  conftest.cpp
conftest.cpp:11:28: fatal error: ac_nonexistent.h: No such file or directory
 #include <ac_nonexistent.h>
                            ^
compilation terminated.
configure:5875: $? = 1
configure: failed program was:
| /* confdefs.h */
| #define PACKAGE_NAME "RINA Tools"
| #define PACKAGE_TARNAME "rina-tools"
| #define PACKAGE_VERSION "0.9.5.227-afd99"
| #define PACKAGE_STRING "RINA Tools 0.9.5.227-afd99"
| #define PACKAGE_BUGREPORT "f.salvestrini@nextworks.it"
| #define PACKAGE_URL "http://irati.eu"
| #define PACKAGE "rina-tools"
| #define VERSION "0.9.5.227-afd99"
| /* end confdefs.h.  */
| #include <ac_nonexistent.h>
configure:5900: result: g++ -E
configure:5920: g++ -E  conftest.cpp
configure:5920: $? = 0
configure:5934: g++ -E  conftest.cpp
conftest.cpp:11:28: fatal error: ac_nonexistent.h: No such file or directory
 #include <ac_nonexistent.h>
                            ^
compilation terminated.
configure:5934: $? = 1
configure: failed program was:
| /* confdefs.h */
| #define PACKAGE_NAME "RINA Tools"
| #define PACKAGE_TARNAME "rina-tools"
| #define PACKAGE_VERSION "0.9.5.227-afd99"
| #define PACKAGE_STRING "RINA Tools 0.9.5.227-afd99"
| #define PACKAGE_BUGREPORT "f.salvestrini@nextworks.it"
| #define PACKAGE_URL "http://irati.eu"
| #define PACKAGE "rina-tools"
| #define VERSION "0.9.5.227-afd99"
| /* end confdefs.h.  */
| #include <ac_nonexistent.h>
configure:6074: checking for C++ compiler version
configure:6083: g++ --version >&5
g++ (Debian 4.9.1-19) 4.9.1
Copyright (C) 2014 Free Software Foundation, Inc.
This is free software; see the source for copying conditions.  There is NO
warranty; not even for MERCHANTABILITY or FITNESS FOR A PARTICULAR PURPOSE.

configure:6094: $? = 0
configure:6083: g++ -v >&5
Using built-in specs.
COLLECT_GCC=g++
COLLECT_LTO_WRAPPER=/usr/lib/gcc/x86_64-linux-gnu/4.9/lto-wrapper
Target: x86_64-linux-gnu
Configured with: ../src/configure -v --with-pkgversion='Debian 4.9.1-19' --with-bugurl=file:///usr/share/doc/gcc-4.9/README.Bugs --enable-languages=c,c++,java,go,d,fortran,objc,obj-c++ --prefix=/usr --program-suffix=-4.9 --enable-shared --enable-linker-build-id --libexecdir=/usr/lib --without-included-gettext --enable-threads=posix --with-gxx-include-dir=/usr/include/c++/4.9 --libdir=/usr/lib --enable-nls --with-sysroot=/ --enable-clocale=gnu --enable-libstdcxx-debug --enable-libstdcxx-time=yes --enable-gnu-unique-object --disable-vtable-verify --enable-plugin --with-system-zlib --disable-browser-plugin --enable-java-awt=gtk --enable-gtk-cairo --with-java-home=/usr/lib/jvm/java-1.5.0-gcj-4.9-amd64/jre --enable-java-home --with-jvm-root-dir=/usr/lib/jvm/java-1.5.0-gcj-4.9-amd64 --with-jvm-jar-dir=/usr/lib/jvm-exports/java-1.5.0-gcj-4.9-amd64 --with-arch-directory=amd64 --with-ecj-jar=/usr/share/java/eclipse-ecj.jar --enable-objc-gc --enable-multiarch --with-arch-32=i586 --with-abi=m64 --with-multilib-list=m32,m64,mx32 --enable-multilib --with-tune=generic --enable-checking=release --build=x86_64-linux-gnu --host=x86_64-linux-gnu --target=x86_64-linux-gnu
Thread model: posix
gcc version 4.9.1 (Debian 4.9.1-19) 
configure:6094: $? = 0
configure:6083: g++ -V >&5
g++: error: unrecognized command line option '-V'
g++: fatal error: no input files
compilation terminated.
configure:6094: $? = 4
configure:6083: g++ -qversion >&5
g++: error: unrecognized command line option '-qversion'
g++: fatal error: no input files
compilation terminated.
configure:6094: $? = 4
configure:6098: checking whether we are using the GNU C++ compiler
configure:6126: result: yes
configure:6135: checking whether g++ accepts -g
configure:6196: result: yes
configure:6221: checking dependency style of g++
configure:6332: result: gcc3
configure:6352: checking whether g++ understands -c and -o together
configure:6376: g++ -g -O2 -c conftest.cpp -o conftest2.o >&5
configure:6380: $? = 0
configure:6387: g++ -g -O2 -c conftest.cpp -o conftest2.o >&5
configure:6391: $? = 0
configure:6399: result: yes
configure:6414: checking whether the compiler implements namespaces
configure:6437: g++ -c -g -O2  conftest.cpp >&5
configure:6437: $? = 0
configure:6451: result: yes
configure:6460: checking for egrep
configure:6522: result: /bin/grep -E
configure:6527: checking for ANSI C header files
configure:6547: gcc -c -g -O2  conftest.c >&5
configure:6547: $? = 0
configure:6620: gcc -o conftest -g -O2   conftest.c  >&5
configure:6620: $? = 0
configure:6620: ./conftest
configure:6620: $? = 0
configure:6631: result: yes
configure:6644: checking for sys/types.h
configure:6644: gcc -c -g -O2  conftest.c >&5
configure:6644: $? = 0
configure:6644: result: yes
configure:6644: checking for sys/stat.h
configure:6644: gcc -c -g -O2  conftest.c >&5
configure:6644: $? = 0
configure:6644: result: yes
configure:6644: checking for stdlib.h
configure:6644: gcc -c -g -O2  conftest.c >&5
configure:6644: $? = 0
configure:6644: result: yes
configure:6644: checking for string.h
configure:6644: gcc -c -g -O2  conftest.c >&5
configure:6644: $? = 0
configure:6644: result: yes
configure:6644: checking for memory.h
configure:6644: gcc -c -g -O2  conftest.c >&5
configure:6644: $? = 0
configure:6644: result: yes
configure:6644: checking for strings.h
configure:6644: gcc -c -g -O2  conftest.c >&5
configure:6644: $? = 0
configure:6644: result: yes
configure:6644: checking for inttypes.h
configure:6644: gcc -c -g -O2  conftest.c >&5
configure:6644: $? = 0
configure:6644: result: yes
configure:6644: checking for stdint.h
configure:6644: gcc -c -g -O2  conftest.c >&5
configure:6644: $? = 0
configure:6644: result: yes
configure:6644: checking for unistd.h
configure:6644: gcc -c -g -O2  conftest.c >&5
configure:6644: $? = 0
configure:6644: result: yes
configure:6666: checking sstream usability
configure:6666: g++ -c -g -O2  conftest.cpp >&5
configure:6666: $? = 0
configure:6666: result: yes
configure:6666: checking sstream presence
configure:6666: g++ -E  conftest.cpp
configure:6666: $? = 0
configure:6666: result: yes
configure:6666: checking for sstream
configure:6666: result: yes
configure:6676: checking whether the STL defines stringstream
configure:6695: g++ -c -g -O2  conftest.cpp >&5
configure:6695: $? = 0
configure:6703: result: yes
configure:6727: checking strstream usability
configure:6727: g++ -c -g -O2  conftest.cpp >&5
In file included from /usr/include/c++/4.9/backward/strstream:51:0,
                 from conftest.cpp:57:
/usr/include/c++/4.9/backward/backward_warning.h:32:2: warning: #warning This file includes at least one deprecated or antiquated header which may be removed without further notice at a future date. Please use a non-deprecated interface with equivalent functionality instead. For a listing of replacement headers and interfaces, consult the file backward_warning.h. To disable this warning use -Wno-deprecated. [-Wcpp]
 #warning \
  ^
configure:6727: $? = 0
configure:6727: result: yes
configure:6727: checking strstream presence
configure:6727: g++ -E  conftest.cpp
In file included from /usr/include/c++/4.9/backward/strstream:51:0,
                 from conftest.cpp:24:
/usr/include/c++/4.9/backward/backward_warning.h:32:2: warning: #warning This file includes at least one deprecated or antiquated header which may be removed without further notice at a future date. Please use a non-deprecated interface with equivalent functionality instead. For a listing of replacement headers and interfaces, consult the file backward_warning.h. To disable this warning use -Wno-deprecated. [-Wcpp]
 #warning \
  ^
configure:6727: $? = 0
configure:6727: result: yes
configure:6727: checking for strstream
configure:6727: result: yes
configure:6737: checking whether the STL defines strstream
configure:6760: g++ -c -g -O2  conftest.cpp >&5
In file included from /usr/include/c++/4.9/backward/strstream:51:0,
                 from conftest.cpp:26:
/usr/include/c++/4.9/backward/backward_warning.h:32:2: warning: #warning This file includes at least one deprecated or antiquated header which may be removed without further notice at a future date. Please use a non-deprecated interface with equivalent functionality instead. For a listing of replacement headers and interfaces, consult the file backward_warning.h. To disable this warning use -Wno-deprecated. [-Wcpp]
 #warning \
  ^
configure:6760: $? = 0
configure:6768: result: yes
configure:6800: g++ -c -g -O2  conftest.cpp >&5
configure:6800: $? = 0
configure:6875: checking for ar
configure:6891: found /usr/bin/ar
configure:6902: result: ar
configure:6928: checking the archiver (ar) interface
configure:6944: gcc -c -g -O2  conftest.c >&5
configure:6944: $? = 0
configure:6946: ar cru libconftest.a conftest.o >&5
configure:6949: $? = 0
configure:6977: result: ar
configure:7043: checking how to print strings
configure:7070: result: printf
configure:7091: checking for a sed that does not truncate output
configure:7155: result: /bin/sed
configure:7173: checking for fgrep
configure:7235: result: /bin/grep -F
configure:7270: checking for ld used by gcc
configure:7337: result: /usr/bin/ld
configure:7344: checking if the linker (/usr/bin/ld) is GNU ld
configure:7359: result: yes
configure:7371: checking for BSD- or MS-compatible name lister (nm)
configure:7420: result: /usr/bin/nm -B
configure:7550: checking the name lister (/usr/bin/nm -B) interface
configure:7557: gcc -c -g -O2  conftest.c >&5
configure:7560: /usr/bin/nm -B "conftest.o"
configure:7563: output
0000000000000000 B some_variable
configure:7570: result: BSD nm
configure:7574: checking the maximum length of command line arguments
configure:7705: result: 1572864
configure:7722: checking whether the shell understands some XSI constructs
configure:7732: result: yes
configure:7736: checking whether the shell understands "+="
configure:7742: result: yes
configure:7777: checking how to convert x86_64-unknown-linux-gnu file names to x86_64-unknown-linux-gnu format
configure:7817: result: func_convert_file_noop
configure:7824: checking how to convert x86_64-unknown-linux-gnu file names to toolchain format
configure:7844: result: func_convert_file_noop
configure:7851: checking for /usr/bin/ld option to reload object files
configure:7858: result: -r
configure:7932: checking for objdump
configure:7948: found /usr/bin/objdump
configure:7959: result: objdump
configure:7991: checking how to recognize dependent libraries
configure:8189: result: pass_all
configure:8274: checking for dlltool
configure:8304: result: no
configure:8334: checking how to associate runtime and link libraries
configure:8361: result: printf %s\n
configure:8485: checking for archiver @FILE support
configure:8502: gcc -c -g -O2  conftest.c >&5
configure:8502: $? = 0
configure:8505: ar cru libconftest.a @conftest.lst >&5
configure:8508: $? = 0
configure:8513: ar cru libconftest.a @conftest.lst >&5
ar: conftest.o: No such file or directory
configure:8516: $? = 1
configure:8528: result: @
configure:8586: checking for strip
configure:8602: found /usr/bin/strip
configure:8613: result: strip
configure:8685: checking for ranlib
configure:8701: found /usr/bin/ranlib
configure:8712: result: ranlib
configure:8814: checking command to parse /usr/bin/nm -B output from gcc object
configure:8934: gcc -c -g -O2  conftest.c >&5
configure:8937: $? = 0
configure:8941: /usr/bin/nm -B conftest.o \| sed -n -e 's/^.*[ ]\([ABCDGIRSTW][ABCDGIRSTW]*\)[ ][ ]*\([_A-Za-z][_A-Za-z0-9]*\)$/\1 \2 \2/p' | sed '/ __gnu_lto/d' \> conftest.nm
configure:8944: $? = 0
configure:9010: gcc -o conftest -g -O2   conftest.c conftstm.o >&5
configure:9013: $? = 0
configure:9051: result: ok
configure:9088: checking for sysroot
configure:9118: result: no
configure:9195: gcc -c -g -O2  conftest.c >&5
configure:9198: $? = 0
configure:9387: checking for mt
configure:9403: found /bin/mt
configure:9414: result: mt
configure:9437: checking if mt is a manifest tool
configure:9443: mt '-?'
configure:9451: result: no
configure:10090: checking for dlfcn.h
configure:10090: gcc -c -g -O2  conftest.c >&5
configure:10090: $? = 0
configure:10090: result: yes
configure:10306: checking for objdir
configure:10321: result: .libs
configure:10592: checking if gcc supports -fno-rtti -fno-exceptions
configure:10610: gcc -c -g -O2  -fno-rtti -fno-exceptions conftest.c >&5
cc1: warning: command line option '-fno-rtti' is valid for C++/ObjC++ but not for C
configure:10614: $? = 0
configure:10627: result: no
configure:10954: checking for gcc option to produce PIC
configure:10961: result: -fPIC -DPIC
configure:10969: checking if gcc PIC flag -fPIC -DPIC works
configure:10987: gcc -c -g -O2  -fPIC -DPIC -DPIC conftest.c >&5
configure:10991: $? = 0
configure:11004: result: yes
configure:11033: checking if gcc static flag -static works
configure:11061: result: yes
configure:11076: checking if gcc supports -c -o file.o
configure:11097: gcc -c -g -O2  -o out/conftest2.o conftest.c >&5
configure:11101: $? = 0
configure:11123: result: yes
configure:11131: checking if gcc supports -c -o file.o
configure:11178: result: yes
configure:11211: checking whether the gcc linker (/usr/bin/ld -m elf_x86_64) supports shared libraries
configure:12368: result: yes
configure:12405: checking whether -lc should be explicitly linked in
configure:12413: gcc -c -g -O2  conftest.c >&5
configure:12416: $? = 0
configure:12431: gcc -shared  -fPIC -DPIC conftest.o  -v -Wl,-soname -Wl,conftest -o conftest 2\>\&1 \| /bin/grep  -lc  \>/dev/null 2\>\&1
configure:12434: $? = 0
configure:12448: result: no
configure:12608: checking dynamic linker characteristics
configure:13108: gcc -o conftest -g -O2   -Wl,-rpath -Wl,/foo conftest.c  >&5
configure:13108: $? = 0
configure:13342: result: GNU/Linux ld.so
configure:13449: checking how to hardcode library paths into programs
configure:13474: result: immediate
configure:14014: checking whether stripping libraries is possible
configure:14019: result: yes
configure:14054: checking if libtool supports shared libraries
configure:14056: result: yes
configure:14059: checking whether to build shared libraries
configure:14080: result: yes
configure:14083: checking whether to build static libraries
configure:14087: result: yes
configure:14110: checking how to run the C++ preprocessor
configure:14176: result: g++ -E
configure:14196: g++ -E  conftest.cpp
configure:14196: $? = 0
configure:14210: g++ -E  conftest.cpp
conftest.cpp:29:28: fatal error: ac_nonexistent.h: No such file or directory
 #include <ac_nonexistent.h>
                            ^
compilation terminated.
configure:14210: $? = 1
configure: failed program was:
| /* confdefs.h */
| #define PACKAGE_NAME "RINA Tools"
| #define PACKAGE_TARNAME "rina-tools"
| #define PACKAGE_VERSION "0.9.5.227-afd99"
| #define PACKAGE_STRING "RINA Tools 0.9.5.227-afd99"
| #define PACKAGE_BUGREPORT "f.salvestrini@nextworks.it"
| #define PACKAGE_URL "http://irati.eu"
| #define PACKAGE "rina-tools"
| #define VERSION "0.9.5.227-afd99"
| #define HAVE_NAMESPACES 1
| #define STDC_HEADERS 1
| #define HAVE_SYS_TYPES_H 1
| #define HAVE_SYS_STAT_H 1
| #define HAVE_STDLIB_H 1
| #define HAVE_STRING_H 1
| #define HAVE_MEMORY_H 1
| #define HAVE_STRINGS_H 1
| #define HAVE_INTTYPES_H 1
| #define HAVE_STDINT_H 1
| #define HAVE_UNISTD_H 1
| #define HAVE_SSTREAM 1
| #define HAVE_SSTREAM 1
| #define HAVE_STRSTREAM 1
| #define HAVE_CLASS_STRSTREAM 1
| #define HAVE_LONG_LONG 1
| #define HAVE_DLFCN_H 1
| #define LT_OBJDIR ".libs/"
| /* end confdefs.h.  */
| #include <ac_nonexistent.h>
configure:14379: checking for ld used by g++
configure:14446: result: /usr/bin/ld -m elf_x86_64
configure:14453: checking if the linker (/usr/bin/ld -m elf_x86_64) is GNU ld
configure:14468: result: yes
configure:14523: checking whether the g++ linker (/usr/bin/ld -m elf_x86_64) supports shared libraries
configure:15525: result: yes
configure:15561: g++ -c -g -O2  conftest.cpp >&5
configure:15564: $? = 0
configure:16084: checking for g++ option to produce PIC
configure:16091: result: -fPIC -DPIC
configure:16099: checking if g++ PIC flag -fPIC -DPIC works
configure:16117: g++ -c -g -O2  -fPIC -DPIC -DPIC conftest.cpp >&5
configure:16121: $? = 0
configure:16134: result: yes
configure:16157: checking if g++ static flag -static works
configure:16185: result: yes
configure:16197: checking if g++ supports -c -o file.o
configure:16218: g++ -c -g -O2  -o out/conftest2.o conftest.cpp >&5
configure:16222: $? = 0
configure:16244: result: yes
configure:16249: checking if g++ supports -c -o file.o
configure:16296: result: yes
configure:16326: checking whether the g++ linker (/usr/bin/ld -m elf_x86_64) supports shared libraries
configure:16365: result: yes
configure:16506: checking dynamic linker characteristics
configure:17174: result: GNU/Linux ld.so
configure:17227: checking how to hardcode library paths into programs
configure:17252: result: immediate
configure:17315: checking whether C compiler accepts  -Wall 
configure:17334: gcc -c -g -O2   -Wall   conftest.c >&5
configure:17334: $? = 0
configure:17342: result: yes
configure:17352: checking whether C compiler accepts  -Wformat 
configure:17371: gcc -c -g -O2   -Wformat   conftest.c >&5
configure:17371: $? = 0
configure:17379: result: yes
configure:17389: checking whether C compiler accepts  -Wnon-virtual-dtor 
configure:17408: gcc -c -g -O2   -Wnon-virtual-dtor   conftest.c >&5
cc1: warning: command line option '-Wnon-virtual-dtor' is valid for C++/ObjC++ but not for C
configure:17408: $? = 0
configure:17416: result: yes
configure:17426: checking whether C compiler accepts  -Woverloaded-virtual 
configure:17445: gcc -c -g -O2   -Woverloaded-virtual   conftest.c >&5
cc1: warning: command line option '-Woverloaded-virtual' is valid for C++/ObjC++ but not for C
configure:17445: $? = 0
configure:17453: result: yes
configure:17463: checking whether C compiler accepts  -Wextra 
configure:17482: gcc -c -g -O2   -Wextra   conftest.c >&5
configure:17482: $? = 0
configure:17490: result: yes
configure:17500: checking whether C compiler accepts  -Werror 
configure:17519: gcc -c -g -O2   -Werror   conftest.c >&5
configure:17519: $? = 0
configure:17527: result: yes
configure:17537: checking whether C compiler accepts  -Wfatal-errors 
configure:17556: gcc -c -g -O2   -Wfatal-errors   conftest.c >&5
configure:17556: $? = 0
configure:17564: result: yes
configure:17614: checking for a Python interpreter with version >= 2.0
configure:17631: python -c import sys # split strings by '.' and convert to numeric. Append some zeros # because we need at least 4 digits for the hex conversion. # map returns an iterator in Python 3.0 and a list in 2.x minver = list(map(int, '2.0'.split('.'))) + [0, 0, 0] minverhex = 0 # xrange is not present in Python 3.0 and range returns an iterator for i in list(range(0, 4)): minverhex = (minverhex << 8) + minver[i] sys.exit(sys.hexversion < minverhex)
configure:17634: $? = 0
configure:17640: result: python
configure:17648: checking for python
configure:17666: found /usr/bin/python
configure:17678: result: /usr/bin/python
configure:17701: checking for python version
configure:17708: result: 2.7
configure:17720: checking for python platform
configure:17727: result: linux2
configure:17753: checking for python script directory
configure:17788: result: ${prefix}/lib/python2.7/site-packages
configure:17797: checking for python extension module directory
configure:17832: result: ${exec_prefix}/lib/python2.7/site-packages
configure:17855: checking Python module re
configure:17860: result: yes
configure:17891: checking Python module sys
configure:17896: result: yes
configure:17927: checking Python module argparse
configure:17932: result: yes
configure:17963: checking Python module matplotlib
configure:17974: result: no
configure:17977: WARNING: Python module matplotlib seems missing, some features will be disabled
configure:18061: checking for pkg-config
configure:18079: found /usr/bin/pkg-config
configure:18091: result: /usr/bin/pkg-config
configure:18116: checking pkg-config is at least version 0.26
configure:18119: result: yes
configure:18130: checking for LIBRINA
configure:18137: $PKG_CONFIG --exists --print-errors "librina >= 0.2.0"
configure:18140: $? = 0
configure:18154: $PKG_CONFIG --exists --print-errors "librina >= 0.2.0"
configure:18157: $? = 0
configure:18199: result: yes
configure:18319: checking that generated files are newer than configure
configure:18325: result: done
configure:18368: creating ./config.status

## ---------------------- ##
## Running config.status. ##
## ---------------------- ##

This file was extended by RINA Tools config.status 0.9.5.227-afd99, which was
generated by GNU Autoconf 2.69.  Invocation command line was

  CONFIG_FILES    = 
  CONFIG_HEADERS  = 
  CONFIG_LINKS    = 
  CONFIG_COMMANDS = 
  $ ./config.status 

on rina

config.status:1183: creating Makefile
config.status:1183: creating src/Makefile
config.status:1183: creating src/common/Makefile
config.status:1183: creating src/rina-echo-time/Makefile
config.status:1183: creating src/common/tclap/Makefile
config.status:1183: creating doc/Makefile
config.status:1183: creating src/config.h
config.status:1397: executing depfiles commands
config.status:1397: executing libtool commands

## ---------------- ##
## Cache variables. ##
## ---------------- ##

ac_cv_build=x86_64-unknown-linux-gnu
ac_cv_c_compiler_gnu=yes
ac_cv_cxx_compiler_gnu=yes
ac_cv_cxx_have_class_strstream=yes
ac_cv_cxx_have_long_long=yes
ac_cv_cxx_have_sstream=yes
ac_cv_cxx_namespaces=yes
ac_cv_env_CCC_set=
ac_cv_env_CCC_value=
ac_cv_env_CC_set=
ac_cv_env_CC_value=
ac_cv_env_CFLAGS_set=
ac_cv_env_CFLAGS_value=
ac_cv_env_CPPFLAGS_set=
ac_cv_env_CPPFLAGS_value=
ac_cv_env_CPP_set=
ac_cv_env_CPP_value=
ac_cv_env_CXXCPP_set=
ac_cv_env_CXXCPP_value=
ac_cv_env_CXXFLAGS_set=
ac_cv_env_CXXFLAGS_value=
ac_cv_env_CXX_set=
ac_cv_env_CXX_value=
ac_cv_env_LDFLAGS_set=
ac_cv_env_LDFLAGS_value=
ac_cv_env_LIBRINA_CFLAGS_set=
ac_cv_env_LIBRINA_CFLAGS_value=
ac_cv_env_LIBRINA_LIBS_set=
ac_cv_env_LIBRINA_LIBS_value=
ac_cv_env_LIBS_set=
ac_cv_env_LIBS_value=
ac_cv_env_PKG_CONFIG_LIBDIR_set=
ac_cv_env_PKG_CONFIG_LIBDIR_value=
ac_cv_env_PKG_CONFIG_PATH_set=set
ac_cv_env_PKG_CONFIG_PATH_value=/home/marc/sandbox/lib/pkgconfig/
ac_cv_env_PKG_CONFIG_set=
ac_cv_env_PKG_CONFIG_value=
ac_cv_env_PYTHON_set=
ac_cv_env_PYTHON_value=
ac_cv_env_build_alias_set=
ac_cv_env_build_alias_value=
ac_cv_env_host_alias_set=
ac_cv_env_host_alias_value=
ac_cv_env_target_alias_set=
ac_cv_env_target_alias_value=
ac_cv_header_dlfcn_h=yes
ac_cv_header_inttypes_h=yes
ac_cv_header_memory_h=yes
ac_cv_header_sstream=yes
ac_cv_header_stdc=yes
ac_cv_header_stdint_h=yes
ac_cv_header_stdlib_h=yes
ac_cv_header_string_h=yes
ac_cv_header_strings_h=yes
ac_cv_header_strstream=yes
ac_cv_header_sys_stat_h=yes
ac_cv_header_sys_types_h=yes
ac_cv_header_unistd_h=yes
ac_cv_host=x86_64-unknown-linux-gnu
ac_cv_objext=o
ac_cv_path_EGREP='/bin/grep -E'
ac_cv_path_FGREP='/bin/grep -F'
ac_cv_path_FMT=/usr/bin/fmt
ac_cv_path_GIT=/usr/bin/git
ac_cv_path_GREP=/bin/grep
ac_cv_path_PYTHON=/usr/bin/python
ac_cv_path_SED=/bin/sed
ac_cv_path_SORT=/usr/bin/sort
ac_cv_path_UNIQ=/usr/bin/uniq
ac_cv_path_ac_pt_PKG_CONFIG=/usr/bin/pkg-config
ac_cv_path_install='/usr/bin/install -c'
ac_cv_path_mkdir=/bin/mkdir
ac_cv_prog_AWK=mawk
ac_cv_prog_CPP='gcc -E'
ac_cv_prog_CXXCPP='g++ -E'
ac_cv_prog_ac_ct_AR=ar
ac_cv_prog_ac_ct_CC=gcc
ac_cv_prog_ac_ct_CXX=g++
ac_cv_prog_ac_ct_MANIFEST_TOOL=mt
ac_cv_prog_ac_ct_OBJDUMP=objdump
ac_cv_prog_ac_ct_RANLIB=ranlib
ac_cv_prog_ac_ct_STRIP=strip
ac_cv_prog_cc_c89=
ac_cv_prog_cc_g=yes
ac_cv_prog_cxx_c_o=yes
ac_cv_prog_cxx_g=yes
ac_cv_prog_make_make_set=yes
ac_cv_target=x86_64-unknown-linux-gnu
am_cv_CC_dependencies_compiler_type=gcc3
am_cv_CXX_dependencies_compiler_type=gcc3
am_cv_ar_interface=ar
am_cv_make_support_nested_variables=yes
am_cv_pathless_PYTHON=python
am_cv_prog_cc_c_o=yes
am_cv_prog_tar_pax=gnutar
am_cv_python_platform=linux2
am_cv_python_pyexecdir='${exec_prefix}/lib/python2.7/site-packages'
am_cv_python_pythondir='${prefix}/lib/python2.7/site-packages'
am_cv_python_version=2.7
ax_cv_check_cflags____Wall_=yes
ax_cv_check_cflags____Werror_=yes
ax_cv_check_cflags____Wextra_=yes
ax_cv_check_cflags____Wfatal_errors_=yes
ax_cv_check_cflags____Wformat_=yes
ax_cv_check_cflags____Wnon_virtual_dtor_=yes
ax_cv_check_cflags____Woverloaded_virtual_=yes
ax_cv_have_matplotlib=no
ax_cv_have_python=yes
lt_cv_ar_at_file=@
lt_cv_archive_cmds_need_lc=no
lt_cv_deplibs_check_method=pass_all
lt_cv_file_magic_cmd='$MAGIC_CMD'
lt_cv_file_magic_test_file=
lt_cv_ld_reload_flag=-r
lt_cv_nm_interface='BSD nm'
lt_cv_objdir=.libs
lt_cv_path_LD=/usr/bin/ld
lt_cv_path_LDCXX='/usr/bin/ld -m elf_x86_64'
lt_cv_path_NM='/usr/bin/nm -B'
lt_cv_path_mainfest_tool=no
lt_cv_prog_compiler_c_o=yes
lt_cv_prog_compiler_c_o_CXX=yes
lt_cv_prog_compiler_pic='-fPIC -DPIC'
lt_cv_prog_compiler_pic_CXX='-fPIC -DPIC'
lt_cv_prog_compiler_pic_works=yes
lt_cv_prog_compiler_pic_works_CXX=yes
lt_cv_prog_compiler_rtti_exceptions=no
lt_cv_prog_compiler_static_works=yes
lt_cv_prog_compiler_static_works_CXX=yes
lt_cv_prog_gnu_ld=yes
lt_cv_prog_gnu_ldcxx=yes
lt_cv_sharedlib_from_linklib_cmd='printf %s\n'
lt_cv_shlibpath_overrides_runpath=no
lt_cv_sys_global_symbol_pipe='sed -n -e '\''s/^.*[	 ]\([ABCDGIRSTW][ABCDGIRSTW]*\)[	 ][	 ]*\([_A-Za-z][_A-Za-z0-9]*\)$/\1 \2 \2/p'\'' | sed '\''/ __gnu_lto/d'\'''
lt_cv_sys_global_symbol_to_c_name_address='sed -n -e '\''s/^: \([^ ]*\)[ ]*$/  {\"\1\", (void *) 0},/p'\'' -e '\''s/^[ABCDGIRSTW]* \([^ ]*\) \([^ ]*\)$/  {"\2", (void *) \&\2},/p'\'''
lt_cv_sys_global_symbol_to_c_name_address_lib_prefix='sed -n -e '\''s/^: \([^ ]*\)[ ]*$/  {\"\1\", (void *) 0},/p'\'' -e '\''s/^[ABCDGIRSTW]* \([^ ]*\) \(lib[^ ]*\)$/  {"\2", (void *) \&\2},/p'\'' -e '\''s/^[ABCDGIRSTW]* \([^ ]*\) \([^ ]*\)$/  {"lib\2", (void *) \&\2},/p'\'''
lt_cv_sys_global_symbol_to_cdecl='sed -n -e '\''s/^T .* \(.*\)$/extern int \1();/p'\'' -e '\''s/^[ABCDGIRSTW]* .* \(.*\)$/extern char \1;/p'\'''
lt_cv_sys_max_cmd_len=1572864
lt_cv_to_host_file_cmd=func_convert_file_noop
lt_cv_to_tool_file_cmd=func_convert_file_noop
pkg_cv_LIBRINA_CFLAGS='-pthread -I/home/marc/sandbox/include -I/usr/include/libnl3 '
pkg_cv_LIBRINA_LIBS='-L/home/marc/sandbox/lib -lrina -lnl-genl-3 -lnl-3 -lprotobuf -pthread -lpthread '

## ----------------- ##
## Output variables. ##
## ----------------- ##

ACLOCAL='${SHELL} /home/marc/rina-sdk/rina-tools/build-aux/missing aclocal-1.14'
AMDEPBACKSLASH='\'
AMDEP_FALSE='#'
AMDEP_TRUE=''
AMTAR='$${TAR-tar}'
AM_BACKSLASH='\'
AM_DEFAULT_V='$(AM_DEFAULT_VERBOSITY)'
AM_DEFAULT_VERBOSITY='1'
AM_V='$(V)'
AR='ar'
AUTOCONF='${SHELL} /home/marc/rina-sdk/rina-tools/build-aux/missing autoconf'
AUTOHEADER='${SHELL} /home/marc/rina-sdk/rina-tools/build-aux/missing autoheader'
AUTOMAKE='${SHELL} /home/marc/rina-sdk/rina-tools/build-aux/missing automake-1.14'
AWK='mawk'
CC='gcc'
CCDEPMODE='depmode=gcc3'
CFLAGS='-g -O2'
CPP='gcc -E'
CPPFLAGS=''
CPPFLAGS_EXTRA=' -Wall -Wformat -Wnon-virtual-dtor -Woverloaded-virtual -Wextra -Werror -Wfatal-errors'
CXX='g++'
CXXCPP='g++ -E'
CXXDEPMODE='depmode=gcc3'
CXXFLAGS='-g -O2'
CYGPATH_W='echo'
DEFS='-DHAVE_CONFIG_H'
DEPDIR='.deps'
DLLTOOL='false'
DSYMUTIL=''
DUMPBIN=''
ECHO_C=''
ECHO_N='-n'
ECHO_T=''
EGREP='/bin/grep -E'
EXEEXT=''
FGREP='/bin/grep -F'
FMT='/usr/bin/fmt'
GIT='/usr/bin/git'
GREP='/bin/grep'
HAVE_PYTHON_FALSE='#'
HAVE_PYTHON_MATPLOT_LIB_FALSE=''
HAVE_PYTHON_MATPLOT_LIB_TRUE='#'
HAVE_PYTHON_TRUE=''
INSTALL_DATA='${INSTALL} -m 644'
INSTALL_PROGRAM='${INSTALL}'
INSTALL_SCRIPT='${INSTALL}'
INSTALL_STRIP_PROGRAM='$(install_sh) -c -s'
LD='/usr/bin/ld -m elf_x86_64'
LDFLAGS=''
LIBOBJS=''
LIBRINA_CFLAGS='-pthread -I/home/marc/sandbox/include -I/usr/include/libnl3 '
LIBRINA_LIBS='-L/home/marc/sandbox/lib -lrina -lnl-genl-3 -lnl-3 -lprotobuf -pthread -lpthread '
LIBRINA_VERSION='0.9.5.227-afd99-dirty'
LIBS=''
LIBTOOL='$(SHELL) $(top_builddir)/libtool'
LIPO=''
LN_S='ln -s'
LTLIBOBJS=''
MAKEINFO='${SHELL} /home/marc/rina-sdk/rina-tools/build-aux/missing makeinfo'
MANIFEST_TOOL=':'
MKDIR_P='/bin/mkdir -p'
NM='/usr/bin/nm -B'
NMEDIT=''
OBJDUMP='objdump'
OBJEXT='o'
OTOOL64=''
OTOOL=''
PACKAGE='rina-tools'
PACKAGE_BUGREPORT='f.salvestrini@nextworks.it'
PACKAGE_NAME='RINA Tools'
PACKAGE_STRING='RINA Tools 0.9.5.227-afd99'
PACKAGE_TARNAME='rina-tools'
PACKAGE_URL='http://irati.eu'
PACKAGE_VERSION='0.9.5.227-afd99'
PATH_SEPARATOR=':'
PKG_CONFIG='/usr/bin/pkg-config'
PKG_CONFIG_LIBDIR=''
PKG_CONFIG_PATH='/home/marc/sandbox/lib/pkgconfig/'
PYTHON='/usr/bin/python'
PYTHON_EXEC_PREFIX='${exec_prefix}'
PYTHON_PLATFORM='linux2'
PYTHON_PREFIX='${prefix}'
PYTHON_VERSION='2.7'
RANLIB='ranlib'
SED='/bin/sed'
SET_MAKE=''
SHELL='/bin/sh'
SORT='/usr/bin/sort'
STRIP='strip'
UNIQ='/usr/bin/uniq'
VERSION='0.9.5.227-afd99'
ac_ct_AR='ar'
ac_ct_CC='gcc'
ac_ct_CXX='g++'
ac_ct_DUMPBIN=''
am__EXEEXT_FALSE=''
am__EXEEXT_TRUE='#'
am__fastdepCC_FALSE='#'
am__fastdepCC_TRUE=''
am__fastdepCXX_FALSE='#'
am__fastdepCXX_TRUE=''
am__include='include'
am__isrc=' -I$(srcdir)'
am__leading_dot='.'
am__nodep='_no'
am__quote=''
am__tar='tar --format=posix -chf - "$$tardir"'
am__untar='tar -xf -'
bindir='${exec_prefix}/bin'
build='x86_64-unknown-linux-gnu'
build_alias=''
build_cpu='x86_64'
build_os='linux-gnu'
build_vendor='unknown'
datadir='${datarootdir}'
datarootdir='${prefix}/share'
docdir='${datarootdir}/doc/${PACKAGE_TARNAME}'
dvidir='${docdir}'
exec_prefix='${prefix}'
host='x86_64-unknown-linux-gnu'
host_alias=''
host_cpu='x86_64'
host_os='linux-gnu'
host_vendor='unknown'
htmldir='${docdir}'
includedir='${prefix}/include'
infodir='${datarootdir}/info'
install_sh='${SHELL} /home/marc/rina-sdk/rina-tools/build-aux/install-sh'
libdir='${exec_prefix}/lib'
libexecdir='${exec_prefix}/libexec'
localedir='${datarootdir}/locale'
localstatedir='${prefix}/var'
mandir='${datarootdir}/man'
mkdir_p='$(MKDIR_P)'
oldincludedir='/usr/include'
pdfdir='${docdir}'
pkgpyexecdir='${pyexecdir}/rina-tools'
pkgpythondir='${pythondir}/rina-tools'
prefix='/home/marc/sandbox'
program_transform_name='s,x,x,'
psdir='${docdir}'
pyexecdir='${exec_prefix}/lib/python2.7/site-packages'
pythondir='${prefix}/lib/python2.7/site-packages'
sbindir='${exec_prefix}/sbin'
sharedstatedir='${prefix}/com'
sysconfdir='${prefix}/etc'
target='x86_64-unknown-linux-gnu'
target_alias=''
target_cpu='x86_64'
target_os='linux-gnu'
target_vendor='unknown'

## ----------- ##
## confdefs.h. ##
## ----------- ##

/* confdefs.h */
#define PACKAGE_NAME "RINA Tools"
#define PACKAGE_TARNAME "rina-tools"
#define PACKAGE_VERSION "0.9.5.227-afd99"
#define PACKAGE_STRING "RINA Tools 0.9.5.227-afd99"
#define PACKAGE_BUGREPORT "f.salvestrini@nextworks.it"
#define PACKAGE_URL "http://irati.eu"
#define PACKAGE "rina-tools"
#define VERSION "0.9.5.227-afd99"
#define HAVE_NAMESPACES 1
#define STDC_HEADERS 1
#define HAVE_SYS_TYPES_H 1
#define HAVE_SYS_STAT_H 1
#define HAVE_STDLIB_H 1
#define HAVE_STRING_H 1
#define HAVE_MEMORY_H 1
#define HAVE_STRINGS_H 1
#define HAVE_INTTYPES_H 1
#define HAVE_STDINT_H 1
#define HAVE_UNISTD_H 1
#define HAVE_SSTREAM 1
#define HAVE_SSTREAM 1
#define HAVE_STRSTREAM 1
#define HAVE_CLASS_STRSTREAM 1
#define HAVE_LONG_LONG 1
#define HAVE_DLFCN_H 1
#define LT_OBJDIR ".libs/"

configure: exit 0
